C:\KANJIE\WORK\PROJ\TC32_WORKSPACE\XAVI_DEMO\PROJ\PROJ_LIB\PM_5320.OBJ
C:\KANJIE\WORK\PROJ\TC32_WORKSPACE\XAVI_DEMO\PROJ\PROJ_LIB\PM_5328.OBJ
C:\KANJIE\WORK\PROJ\TC32_WORKSPACE\XAVI_DEMO\PROJ\VISUALSTUDIO\NEWARCHITECTURE\DEBUG\VC110.PDB
C:\KANJIE\WORK\PROJ\TC32_WORKSPACE\XAVI_DEMO\PROJ\RF\MAC_HOST.OBJ
C:\KANJIE\WORK\PROJ\TC32_WORKSPACE\XAVI_DEMO\PROJ\RF\RF.OBJ
C:\KANJIE\WORK\PROJ\TC32_WORKSPACE\XAVI_DEMO\PROJ\VENDOR\COMMON\LED_CFG.OBJ
C:\KANJIE\WORK\PROJ\TC32_WORKSPACE\XAVI_DEMO\PROJ\VENDOR\COMMON\MAIN.OBJ
C:\KANJIE\WORK\PROJ\TC32_WORKSPACE\XAVI_DEMO\PROJ\VENDOR\COMMON\TH_API\TH_API.OBJ
C:\KANJIE\WORK\PROJ\TC32_WORKSPACE\XAVI_DEMO\PROJ\VENDOR\HAAPP\HAAPP.OBJ
C:\KANJIE\WORK\PROJ\TC32_WORKSPACE\XAVI_DEMO\PROJ\VENDOR\HA_GATEWAY\GWCMD.OBJ
C:\KANJIE\WORK\PROJ\TC32_WORKSPACE\XAVI_DEMO\PROJ\VENDOR\HA_GATEWAY\HAAPP.OBJ
C:\KANJIE\WORK\PROJ\TC32_WORKSPACE\XAVI_DEMO\PROJ\VENDOR\HA_GATEWAY\NODEMGMT.OBJ
C:\KANJIE\WORK\PROJ\TC32_WORKSPACE\XAVI_DEMO\PROJ\VENDOR\OTASAMPLE\OTASAMPLEAPP.OBJ
C:\KANJIE\WORK\PROJ\TC32_WORKSPACE\XAVI_DEMO\PROJ\ZBOSS\APS\APS_BIND.OBJ
C:\KANJIE\WORK\PROJ\TC32_WORKSPACE\XAVI_DEMO\PROJ\ZBOSS\APS\APS_COMMANDS.OBJ
C:\KANJIE\WORK\PROJ\TC32_WORKSPACE\XAVI_DEMO\PROJ\ZBOSS\APS\APS_DUPS.OBJ
C:\KANJIE\WORK\PROJ\TC32_WORKSPACE\XAVI_DEMO\PROJ\ZBOSS\APS\APS_GROUP.OBJ
C:\KANJIE\WORK\PROJ\TC32_WORKSPACE\XAVI_DEMO\PROJ\ZBOSS\APS\APS_MAIN.OBJ
C:\KANJIE\WORK\PROJ\TC32_WORKSPACE\XAVI_DEMO\PROJ\ZBOSS\APS\APS_NWK_CONFIRM.OBJ
C:\KANJIE\WORK\PROJ\TC32_WORKSPACE\XAVI_DEMO\PROJ\ZBOSS\COMMON\ZB_ADDRESS.OBJ
C:\KANJIE\WORK\PROJ\TC32_WORKSPACE\XAVI_DEMO\PROJ\ZBOSS\COMMON\ZB_BUFPOOL.OBJ
C:\KANJIE\WORK\PROJ\TC32_WORKSPACE\XAVI_DEMO\PROJ\ZBOSS\COMMON\ZB_BUFPOOL_INIT.OBJ
C:\KANJIE\WORK\PROJ\TC32_WORKSPACE\XAVI_DEMO\PROJ\ZBOSS\COMMON\ZB_DEBUG.OBJ
C:\KANJIE\WORK\PROJ\TC32_WORKSPACE\XAVI_DEMO\PROJ\ZBOSS\COMMON\ZB_IB.OBJ
C:\KANJIE\WORK\PROJ\TC32_WORKSPACE\XAVI_DEMO\PROJ\ZBOSS\COMMON\ZB_INIT.OBJ
C:\KANJIE\WORK\PROJ\TC32_WORKSPACE\XAVI_DEMO\PROJ\ZBOSS\COMMON\ZB_RANDOM.OBJ
C:\KANJIE\WORK\PROJ\TC32_WORKSPACE\XAVI_DEMO\PROJ\ZBOSS\COMMON\ZB_SCHEDULER.OBJ
C:\KANJIE\WORK\PROJ\TC32_WORKSPACE\XAVI_DEMO\PROJ\ZBOSS\COMMON\ZB_SCHEDULER_INIT.OBJ
C:\KANJIE\WORK\PROJ\TC32_WORKSPACE\XAVI_DEMO\PROJ\ZBOSS\COMMON\ZB_TIME.OBJ
C:\KANJIE\WORK\PROJ\TC32_WORKSPACE\XAVI_DEMO\PROJ\ZBOSS\COMMON\ZB_TRACE.OBJ
C:\KANJIE\WORK\PROJ\TC32_WORKSPACE\XAVI_DEMO\PROJ\ZBOSS\HA\HA.OBJ
C:\KANJIE\WORK\PROJ\TC32_WORKSPACE\XAVI_DEMO\PROJ\ZBOSS\MAC\MAC.OBJ
C:\KANJIE\WORK\PROJ\TC32_WORKSPACE\XAVI_DEMO\PROJ\ZBOSS\MAC\MAC_ASSOCIATE.OBJ
C:\KANJIE\WORK\PROJ\TC32_WORKSPACE\XAVI_DEMO\PROJ\ZBOSS\MAC\MAC_COMMON.OBJ
C:\KANJIE\WORK\PROJ\TC32_WORKSPACE\XAVI_DEMO\PROJ\ZBOSS\MAC\MAC_CR_ASSOCIATE.OBJ
C:\KANJIE\WORK\PROJ\TC32_WORKSPACE\XAVI_DEMO\PROJ\ZBOSS\MAC\MAC_CR_COORDINATOR.OBJ
C:\KANJIE\WORK\PROJ\TC32_WORKSPACE\XAVI_DEMO\PROJ\ZBOSS\MAC\MAC_CR_DATA.OBJ
C:\KANJIE\WORK\PROJ\TC32_WORKSPACE\XAVI_DEMO\PROJ\ZBOSS\MAC\MAC_DATA.OBJ
C:\KANJIE\WORK\PROJ\TC32_WORKSPACE\XAVI_DEMO\PROJ\ZBOSS\MAC\MAC_DISTURBER.OBJ
C:\KANJIE\WORK\PROJ\TC32_WORKSPACE\XAVI_DEMO\PROJ\ZBOSS\MAC\MAC_FCS.OBJ
C:\KANJIE\WORK\PROJ\TC32_WORKSPACE\XAVI_DEMO\PROJ\ZBOSS\MAC\MAC_ROUTINES.OBJ
C:\KANJIE\WORK\PROJ\TC32_WORKSPACE\XAVI_DEMO\PROJ\ZBOSS\MAC\MAC_SCAN.OBJ
C:\KANJIE\WORK\PROJ\TC32_WORKSPACE\XAVI_DEMO\PROJ\ZBOSS\MAC\ZB_NS3.OBJ
C:\KANJIE\WORK\PROJ\TC32_WORKSPACE\XAVI_DEMO\PROJ\ZBOSS\MAC\ZB_TC32.OBJ
C:\KANJIE\WORK\PROJ\TC32_WORKSPACE\XAVI_DEMO\PROJ\ZBOSS\NWK\NWK_ADDRESS_ASSIGN.OBJ
C:\KANJIE\WORK\PROJ\TC32_WORKSPACE\XAVI_DEMO\PROJ\ZBOSS\NWK\NWK_CR_FORMATION.OBJ
C:\KANJIE\WORK\PROJ\TC32_WORKSPACE\XAVI_DEMO\PROJ\ZBOSS\NWK\NWK_CR_JOIN.OBJ
C:\KANJIE\WORK\PROJ\TC32_WORKSPACE\XAVI_DEMO\PROJ\ZBOSS\NWK\NWK_CR_MESH_ROUTING.OBJ
C:\KANJIE\WORK\PROJ\TC32_WORKSPACE\XAVI_DEMO\PROJ\ZBOSS\NWK\NWK_CR_PERMIT_JOIN.OBJ
C:\KANJIE\WORK\PROJ\TC32_WORKSPACE\XAVI_DEMO\PROJ\ZBOSS\NWK\NWK_CR_ROUTE_DISCOVERY.OBJ
C:\KANJIE\WORK\PROJ\TC32_WORKSPACE\XAVI_DEMO\PROJ\ZBOSS\NWK\NWK_CR_TREE_ROUTING.OBJ
C:\KANJIE\WORK\PROJ\TC32_WORKSPACE\XAVI_DEMO\PROJ\ZBOSS\NWK\NWK_DISCOVERY.OBJ
C:\KANJIE\WORK\PROJ\TC32_WORKSPACE\XAVI_DEMO\PROJ\ZBOSS\NWK\NWK_FORMATION.OBJ
C:\KANJIE\WORK\PROJ\TC32_WORKSPACE\XAVI_DEMO\PROJ\ZBOSS\NWK\NWK_JOIN.OBJ
C:\KANJIE\WORK\PROJ\TC32_WORKSPACE\XAVI_DEMO\PROJ\ZBOSS\NWK\NWK_MAIN.OBJ
C:\KANJIE\WORK\PROJ\TC32_WORKSPACE\XAVI_DEMO\PROJ\ZBOSS\NWK\NWK_NEIGHBOR.OBJ
C:\KANJIE\WORK\PROJ\TC32_WORKSPACE\XAVI_DEMO\PROJ\ZBOSS\NWK\NWK_NLME.OBJ
C:\KANJIE\WORK\PROJ\TC32_WORKSPACE\XAVI_DEMO\PROJ\ZBOSS\NWK\NWK_PANID_CONFLICT.OBJ
C:\KANJIE\WORK\PROJ\TC32_WORKSPACE\XAVI_DEMO\PROJ\ZBOSS\OSIF\ZB_TIME_5320.OBJ
C:\KANJIE\WORK\PROJ\TC32_WORKSPACE\XAVI_DEMO\PROJ\ZBOSS\SECUR\APSME_SECUR.OBJ
C:\KANJIE\WORK\PROJ\TC32_WORKSPACE\XAVI_DEMO\PROJ\ZBOSS\SECUR\APS_SECUR.OBJ
C:\KANJIE\WORK\PROJ\TC32_WORKSPACE\XAVI_DEMO\PROJ\ZBOSS\SECUR\MAC_SECUR.OBJ
C:\KANJIE\WORK\PROJ\TC32_WORKSPACE\XAVI_DEMO\PROJ\ZBOSS\SECUR\NWK_SECUR.OBJ
C:\KANJIE\WORK\PROJ\TC32_WORKSPACE\XAVI_DEMO\PROJ\ZBOSS\SECUR\SECUR_CCM.OBJ
C:\KANJIE\WORK\PROJ\TC32_WORKSPACE\XAVI_DEMO\PROJ\ZBOSS\SECUR\ZDO_SECUR.OBJ
C:\KANJIE\WORK\PROJ\TC32_WORKSPACE\XAVI_DEMO\PROJ\ZBOSS\ZBAPI\ZB_API.OBJ
C:\KANJIE\WORK\PROJ\TC32_WORKSPACE\XAVI_DEMO\PROJ\ZBOSS\ZCL\GENERAL\ZCL_GROUP.OBJ
C:\KANJIE\WORK\PROJ\TC32_WORKSPACE\XAVI_DEMO\PROJ\ZBOSS\ZCL\GENERAL\ZCL_IDENTIFY.OBJ
C:\KANJIE\WORK\PROJ\TC32_WORKSPACE\XAVI_DEMO\PROJ\ZBOSS\ZCL\GENERAL\ZCL_LEVEL.OBJ
C:\KANJIE\WORK\PROJ\TC32_WORKSPACE\XAVI_DEMO\PROJ\ZBOSS\ZCL\GENERAL\ZCL_ONOFF.OBJ
C:\KANJIE\WORK\PROJ\TC32_WORKSPACE\XAVI_DEMO\PROJ\ZBOSS\ZCL\GENERAL\ZCL_POWER.OBJ
C:\KANJIE\WORK\PROJ\TC32_WORKSPACE\XAVI_DEMO\PROJ\ZBOSS\ZCL\GENERAL\ZCL_SCENE.OBJ
C:\KANJIE\WORK\PROJ\TC32_WORKSPACE\XAVI_DEMO\PROJ\ZBOSS\ZCL\MEASUMENT_SENSING\ZCL_ILLUMINANCE_MEASUREMENT.OBJ
C:\KANJIE\WORK\PROJ\TC32_WORKSPACE\XAVI_DEMO\PROJ\ZBOSS\ZCL\SECURITY_SAFETY\ZCL_IAS_ZONE.OBJ
C:\KANJIE\WORK\PROJ\TC32_WORKSPACE\XAVI_DEMO\PROJ\ZBOSS\ZCL\ZCL.OBJ
C:\KANJIE\WORK\PROJ\TC32_WORKSPACE\XAVI_DEMO\PROJ\ZBOSS\ZDO\AF_DESCRIPTOR.OBJ
C:\KANJIE\WORK\PROJ\TC32_WORKSPACE\XAVI_DEMO\PROJ\ZBOSS\ZDO\AF_RX.OBJ
C:\KANJIE\WORK\PROJ\TC32_WORKSPACE\XAVI_DEMO\PROJ\ZBOSS\ZDO\TEST_PROFILE.OBJ
C:\KANJIE\WORK\PROJ\TC32_WORKSPACE\XAVI_DEMO\PROJ\ZBOSS\ZDO\ZDO_APP.OBJ
C:\KANJIE\WORK\PROJ\TC32_WORKSPACE\XAVI_DEMO\PROJ\ZBOSS\ZDO\ZDO_BIND_MANAGE.OBJ
C:\KANJIE\WORK\PROJ\TC32_WORKSPACE\XAVI_DEMO\PROJ\ZBOSS\ZDO\ZDO_CHANNEL_MANAGER.OBJ
C:\KANJIE\WORK\PROJ\TC32_WORKSPACE\XAVI_DEMO\PROJ\ZBOSS\ZDO\ZDO_COMMON.OBJ
C:\KANJIE\WORK\PROJ\TC32_WORKSPACE\XAVI_DEMO\PROJ\ZBOSS\ZDO\ZDO_DISC_CLI.OBJ
C:\KANJIE\WORK\PROJ\TC32_WORKSPACE\XAVI_DEMO\PROJ\ZBOSS\ZDO\ZDO_DISC_SRV.OBJ
C:\KANJIE\WORK\PROJ\TC32_WORKSPACE\XAVI_DEMO\PROJ\ZBOSS\ZDO\ZDO_NWK_MANAGE_CLI.OBJ
C:\KANJIE\WORK\PROJ\TC32_WORKSPACE\XAVI_DEMO\PROJ\ZBOSS\ZDO\ZDO_NWK_MANAGE_SRV.OBJ
C:\KANJIE\WORK\PROJ\TC32_WORKSPACE\XAVI_DEMO\PROJ\ZBOSS\ZDO\ZDO_RX.OBJ
C:\KANJIE\WORK\PROJ\TC32_WORKSPACE\XAVI_DEMO\PROJ\VISUALSTUDIO\APP\DEVICE_APP.OBJ
C:\KANJIE\WORK\PROJ\TC32_WORKSPACE\XAVI_DEMO\PROJ\VISUALSTUDIO\APP\PAIRING.OBJ
C:\KANJIE\WORK\PROJ\TC32_WORKSPACE\XAVI_DEMO\PROJ\VISUALSTUDIO\APP\USBAUD.OBJ
C:\KANJIE\WORK\PROJ\TC32_WORKSPACE\XAVI_DEMO\PROJ\VISUALSTUDIO\APP\USBKB.OBJ
C:\KANJIE\WORK\PROJ\TC32_WORKSPACE\XAVI_DEMO\PROJ\VISUALSTUDIO\APP\USBMOUSE.OBJ
C:\KANJIE\WORK\PROJ\TC32_WORKSPACE\XAVI_DEMO\PROJ\VISUALSTUDIO\COMMON\BUFM.OBJ
C:\KANJIE\WORK\PROJ\TC32_WORKSPACE\XAVI_DEMO\PROJ\VISUALSTUDIO\COMMON\COMPATIBILITY.OBJ
C:\KANJIE\WORK\PROJ\TC32_WORKSPACE\XAVI_DEMO\PROJ\VISUALSTUDIO\COMMON\LIST.OBJ
C:\KANJIE\WORK\PROJ\TC32_WORKSPACE\XAVI_DEMO\PROJ\VISUALSTUDIO\COMMON\MEMPOOL.OBJ
C:\KANJIE\WORK\PROJ\TC32_WORKSPACE\XAVI_DEMO\PROJ\VISUALSTUDIO\COMMON\MMEM.OBJ
C:\KANJIE\WORK\PROJ\TC32_WORKSPACE\XAVI_DEMO\PROJ\VISUALSTUDIO\COMMON\PRINTF.OBJ
C:\KANJIE\WORK\PROJ\TC32_WORKSPACE\XAVI_DEMO\PROJ\VISUALSTUDIO\COMMON\PRIORITY_QUEUE.OBJ
C:\KANJIE\WORK\PROJ\TC32_WORKSPACE\XAVI_DEMO\PROJ\VISUALSTUDIO\COMMON\QSORT.OBJ
C:\KANJIE\WORK\PROJ\TC32_WORKSPACE\XAVI_DEMO\PROJ\VISUALSTUDIO\COMMON\STRING.OBJ
C:\KANJIE\WORK\PROJ\TC32_WORKSPACE\XAVI_DEMO\PROJ\VISUALSTUDIO\DRIVERS\AUDIO.OBJ
C:\KANJIE\WORK\PROJ\TC32_WORKSPACE\XAVI_DEMO\PROJ\VISUALSTUDIO\DRIVERS\DFIFO.OBJ
C:\KANJIE\WORK\PROJ\TC32_WORKSPACE\XAVI_DEMO\PROJ\VISUALSTUDIO\DRIVERS\ETHERNET.OBJ
C:\KANJIE\WORK\PROJ\TC32_WORKSPACE\XAVI_DEMO\PROJ\VISUALSTUDIO\DRIVERS\ETH_HW.OBJ
C:\KANJIE\WORK\PROJ\TC32_WORKSPACE\XAVI_DEMO\PROJ\VISUALSTUDIO\DRIVERS\FLASH.OBJ
C:\KANJIE\WORK\PROJ\TC32_WORKSPACE\XAVI_DEMO\PROJ\VISUALSTUDIO\DRIVERS\I2C.OBJ
C:\KANJIE\WORK\PROJ\TC32_WORKSPACE\XAVI_DEMO\PROJ\VISUALSTUDIO\DRIVERS\ID.OBJ
C:\KANJIE\WORK\PROJ\TC32_WORKSPACE\XAVI_DEMO\PROJ\VISUALSTUDIO\DRIVERS\IP_ADAPT.OBJ
C:\KANJIE\WORK\PROJ\TC32_WORKSPACE\XAVI_DEMO\PROJ\VISUALSTUDIO\DRIVERS\IR.OBJ
C:\KANJIE\WORK\PROJ\TC32_WORKSPACE\XAVI_DEMO\PROJ\VISUALSTUDIO\DRIVERS\KEYBOARD.OBJ
C:\KANJIE\WORK\PROJ\TC32_WORKSPACE\XAVI_DEMO\PROJ\VISUALSTUDIO\DRIVERS\MIC.OBJ
C:\KANJIE\WORK\PROJ\TC32_WORKSPACE\XAVI_DEMO\PROJ\VISUALSTUDIO\DRIVERS\MOUSE.OBJ
C:\KANJIE\WORK\PROJ\TC32_WORKSPACE\XAVI_DEMO\PROJ\VISUALSTUDIO\DRIVERS\PWM_GPIOSIM.OBJ
C:\KANJIE\WORK\PROJ\TC32_WORKSPACE\XAVI_DEMO\PROJ\VISUALSTUDIO\DRIVERS\SBC.OBJ
C:\KANJIE\WORK\PROJ\TC32_WORKSPACE\XAVI_DEMO\PROJ\VISUALSTUDIO\DRIVERS\SOMATIC_SENSOR.OBJ
C:\KANJIE\WORK\PROJ\TC32_WORKSPACE\XAVI_DEMO\PROJ\VISUALSTUDIO\DRIVERS\SPI.OBJ
C:\KANJIE\WORK\PROJ\TC32_WORKSPACE\XAVI_DEMO\PROJ\VISUALSTUDIO\DRIVERS\SYSHW.OBJ
C:\KANJIE\WORK\PROJ\TC32_WORKSPACE\XAVI_DEMO\PROJ\VISUALSTUDIO\DRIVERS\USB.OBJ
C:\KANJIE\WORK\PROJ\TC32_WORKSPACE\XAVI_DEMO\PROJ\VISUALSTUDIO\DRIVERS\USBDESC.OBJ
C:\KANJIE\WORK\PROJ\TC32_WORKSPACE\XAVI_DEMO\PROJ\VISUALSTUDIO\DRIVERS\USBHW.OBJ
C:\KANJIE\WORK\PROJ\TC32_WORKSPACE\XAVI_DEMO\PROJ\VISUALSTUDIO\DRIVERS\ADC.OBJ
C:\KANJIE\WORK\PROJ\TC32_WORKSPACE\XAVI_DEMO\PROJ\VISUALSTUDIO\MCU\ANALOG.OBJ
C:\KANJIE\WORK\PROJ\TC32_WORKSPACE\XAVI_DEMO\PROJ\VISUALSTUDIO\MCU\ANAREG.OBJ
C:\KANJIE\WORK\PROJ\TC32_WORKSPACE\XAVI_DEMO\PROJ\VISUALSTUDIO\MCU\AUDHW.OBJ
C:\KANJIE\WORK\PROJ\TC32_WORKSPACE\XAVI_DEMO\PROJ\VISUALSTUDIO\MCU\CLOCK.OBJ
C:\KANJIE\WORK\PROJ\TC32_WORKSPACE\XAVI_DEMO\PROJ\VISUALSTUDIO\MCU\CPU.OBJ
C:\KANJIE\WORK\PROJ\TC32_WORKSPACE\XAVI_DEMO\PROJ\VISUALSTUDIO\MCU\OTP.OBJ
C:\KANJIE\WORK\PROJ\TC32_WORKSPACE\XAVI_DEMO\PROJ\VISUALSTUDIO\MCU\PUTCHAR.OBJ
C:\KANJIE\WORK\PROJ\TC32_WORKSPACE\XAVI_DEMO\PROJ\VISUALSTUDIO\MCU\RANDOM.OBJ
C:\KANJIE\WORK\PROJ\TC32_WORKSPACE\XAVI_DEMO\PROJ\VISUALSTUDIO\MCU\REGISTER.OBJ
C:\KANJIE\WORK\PROJ\TC32_WORKSPACE\XAVI_DEMO\PROJ\VISUALSTUDIO\MCU\SWIRE.OBJ
C:\KANJIE\WORK\PROJ\TC32_WORKSPACE\XAVI_DEMO\PROJ\VISUALSTUDIO\OS\EV.OBJ
C:\KANJIE\WORK\PROJ\TC32_WORKSPACE\XAVI_DEMO\PROJ\VISUALSTUDIO\OS\IRQ_HANDLER.OBJ
C:\KANJIE\WORK\PROJ\TC32_WORKSPACE\XAVI_DEMO\PROJ\VISUALSTUDIO\OS\SYS.OBJ
C:\KANJIE\WORK\PROJ\TC32_WORKSPACE\XAVI_DEMO\PROJ\VISUALSTUDIO\OS\TIMER.OBJ
C:\KANJIE\WORK\PROJ\TC32_WORKSPACE\XAVI_DEMO\PROJ\VISUALSTUDIO\SIMU\AES.OBJ
C:\KANJIE\WORK\PROJ\TC32_WORKSPACE\XAVI_DEMO\PROJ\VISUALSTUDIO\SIMU\CRC_SW.OBJ
C:\KANJIE\WORK\PROJ\TC32_WORKSPACE\XAVI_DEMO\PROJ\VISUALSTUDIO\SIMU\ETH_SIMU.OBJ
C:\KANJIE\WORK\PROJ\TC32_WORKSPACE\XAVI_DEMO\PROJ\VISUALSTUDIO\SIMU\KEYBOARD_SIMU.OBJ
C:\KANJIE\WORK\PROJ\TC32_WORKSPACE\XAVI_DEMO\PROJ\VISUALSTUDIO\SIMU\MOUSE_SIMU.OBJ
C:\KANJIE\WORK\PROJ\TC32_WORKSPACE\XAVI_DEMO\PROJ\VISUALSTUDIO\SIMU\REGA_SIMU.OBJ
C:\KANJIE\WORK\PROJ\TC32_WORKSPACE\XAVI_DEMO\PROJ\VISUALSTUDIO\SIMU\REG_SIMU.OBJ
C:\KANJIE\WORK\PROJ\TC32_WORKSPACE\XAVI_DEMO\PROJ\VISUALSTUDIO\SIMU\SOCKET_API.OBJ
C:\KANJIE\WORK\PROJ\TC32_WORKSPACE\XAVI_DEMO\PROJ\VISUALSTUDIO\SIMU\SOCKET_TEST.OBJ
C:\KANJIE\WORK\PROJ\TC32_WORKSPACE\XAVI_DEMO\PROJ\VISUALSTUDIO\SIMU\UART_SIMU.OBJ
C:\KANJIE\WORK\PROJ\TC32_WORKSPACE\XAVI_DEMO\PROJ\VISUALSTUDIO\SIMU\AES\AESCRYPT.OBJ
C:\KANJIE\WORK\PROJ\TC32_WORKSPACE\XAVI_DEMO\PROJ\VISUALSTUDIO\SIMU\AES\AESKEY.OBJ
C:\KANJIE\WORK\PROJ\TC32_WORKSPACE\XAVI_DEMO\PROJ\VISUALSTUDIO\SIMU\AES\AESTAB.OBJ
C:\KANJIE\WORK\PROJ\TC32_WORKSPACE\XAVI_DEMO\PROJ\VISUALSTUDIO\SIMU\AES\CBC.OBJ
C:\KANJIE\WORK\PROJ\TC32_WORKSPACE\XAVI_DEMO\PROJ\VISUALSTUDIO\SIMU\AES\CCM.OBJ
C:\KANJIE\WORK\PROJ\TC32_WORKSPACE\XAVI_DEMO\PROJ\VISUALSTUDIO\SIMU\AES\CTR.OBJ
C:\KANJIE\WORK\PROJ\TC32_WORKSPACE\XAVI_DEMO\PROJ\VISUALSTUDIO\SIMU\AES\ECB.OBJ
C:\KANJIE\WORK\PROJ\TC32_WORKSPACE\XAVI_DEMO\PROJ\VISUALSTUDIO\SIMU\AES\MMO.OBJ
C:\KANJIE\WORK\PROJ\TC32_WORKSPACE\XAVI_DEMO\PROJ\VISUALSTUDIO\UNIT_TEST\UT.OBJ
C:\KANJIE\WORK\PROJ\TC32_WORKSPACE\XAVI_DEMO\PROJ\VISUALSTUDIO\NEWARCHITECTURE\DEBUG\NEWARCHITECTURE.ILK
C:\KANJIE\WORK\PROJ\TC32_WORKSPACE\XAVI_DEMO\PROJ\VISUALSTUDIO\NEWARCHITECTURE\DEBUG\NEWARCHITECTURE.EXE
C:\KANJIE\WORK\PROJ\TC32_WORKSPACE\XAVI_DEMO\PROJ\VISUALSTUDIO\NEWARCHITECTURE\DEBUG\NEWARCHITECTURE.PDB
C:\Kanjie\work\proj\tc32_workspace\xavi_demo\proj\VisualStudio\newArchitecture\Debug\newArchitecture.ilk
C:\Kanjie\work\proj\tc32_workspace\xavi_demo\proj\VisualStudio\newArchitecture\Debug\cl.command.1.tlog
C:\Kanjie\work\proj\tc32_workspace\xavi_demo\proj\VisualStudio\newArchitecture\Debug\CL.read.1.tlog
C:\Kanjie\work\proj\tc32_workspace\xavi_demo\proj\VisualStudio\newArchitecture\Debug\CL.write.1.tlog
C:\Kanjie\work\proj\tc32_workspace\xavi_demo\proj\VisualStudio\newArchitecture\Debug\link-cvtres.read.1.tlog
C:\Kanjie\work\proj\tc32_workspace\xavi_demo\proj\VisualStudio\newArchitecture\Debug\link-cvtres.write.1.tlog
C:\Kanjie\work\proj\tc32_workspace\xavi_demo\proj\VisualStudio\newArchitecture\Debug\link-rc.read.1.tlog
C:\Kanjie\work\proj\tc32_workspace\xavi_demo\proj\VisualStudio\newArchitecture\Debug\link-rc.write.1.tlog
C:\Kanjie\work\proj\tc32_workspace\xavi_demo\proj\VisualStudio\newArchitecture\Debug\link.command.1.tlog
C:\Kanjie\work\proj\tc32_workspace\xavi_demo\proj\VisualStudio\newArchitecture\Debug\link.read.1.tlog
C:\Kanjie\work\proj\tc32_workspace\xavi_demo\proj\VisualStudio\newArchitecture\Debug\link.write.1.tlog
C:\Kanjie\work\proj\tc32_workspace\xavi_demo\proj\VisualStudio\newArchitecture\Debug\vc110.idb
C:\Kanjie\work\proj\tc32_workspace\xavi_demo\proj\VisualStudio\newArchitecture\Debug\newArchitecture.pdb
C:\Kanjie\work\proj\tc32_workspace\xavi_demo\proj\VisualStudio\newArchitecture\Debug\vc110.pdb
C:\Kanjie\work\proj\tc32_workspace\xavi_demo\proj\VisualStudio\newArchitecture\Debug\newArchitecture.exe
